wandb: Currently logged in as: jwang003. Use `wandb login --relogin` to force relogin
wandb: wandb version 0.19.11 is available!  To upgrade, please run:
wandb:  $ pip install wandb --upgrade
wandb: Tracking run with wandb version 0.17.7
wandb: Run data is saved locally in /home/jwang/dna-gen/crucis/scripts/wandb/run-20250529_230113-dlkjn5gm
wandb: Run `wandb offline` to turn off syncing.
wandb: Syncing run atomic-donkey-1
wandb: ⭐️ View project at https://wandb.ai/jwang003/cruci
wandb: 🚀 View run at https://wandb.ai/jwang003/cruci/runs/dlkjn5gm
Traceback (most recent call last):
  File "/home/jwang/dna-gen/crucis/classifier/train.py", line 136, in <module>
    main(args)
  File "/home/jwang/dna-gen/crucis/classifier/train.py", line 104, in main
    for batch in loaders["train"]:
  File "/home/jwang/miniconda/envs/evo/lib/python3.11/site-packages/torch/utils/data/dataloader.py", line 701, in __next__
    data = self._next_data()
           ^^^^^^^^^^^^^^^^^
  File "/home/jwang/miniconda/envs/evo/lib/python3.11/site-packages/torch/utils/data/dataloader.py", line 757, in _next_data
    data = self._dataset_fetcher.fetch(index)  # may raise StopIteration
           ^^^^^^^^^^^^^^^^^^^^^^^^^^^^^^^^^^
  File "/home/jwang/miniconda/envs/evo/lib/python3.11/site-packages/torch/utils/data/_utils/fetch.py", line 55, in fetch
    return self.collate_fn(data)
           ^^^^^^^^^^^^^^^^^^^^^
  File "/home/jwang/dna-gen/crucis/classifier/train.py", line 33, in collate_fn
    _, _, tokens = self.batch_converter(list(zip(range(len(seqs)), seqs)))
                   ^^^^^^^^^^^^^^^^^^^^^^^^^^^^^^^^^^^^^^^^^^^^^^^^^^^^^^^
  File "/home/jwang/miniconda/envs/evo/lib/python3.11/site-packages/esm/data.py", line 266, in __call__
    seq_encoded_list = [self.alphabet.encode(seq_str) for seq_str in seq_str_list]
                       ^^^^^^^^^^^^^^^^^^^^^^^^^^^^^^^^^^^^^^^^^^^^^^^^^^^^^^^^^^^
  File "/home/jwang/miniconda/envs/evo/lib/python3.11/site-packages/esm/data.py", line 266, in <listcomp>
    seq_encoded_list = [self.alphabet.encode(seq_str) for seq_str in seq_str_list]
                        ^^^^^^^^^^^^^^^^^^^^^^^^^^^^^
  File "/home/jwang/miniconda/envs/evo/lib/python3.11/site-packages/esm/data.py", line 250, in encode
    return [self.tok_to_idx[tok] for tok in self.tokenize(text)]
           ^^^^^^^^^^^^^^^^^^^^^^^^^^^^^^^^^^^^^^^^^^^^^^^^^^^^^
  File "/home/jwang/miniconda/envs/evo/lib/python3.11/site-packages/esm/data.py", line 250, in <listcomp>
    return [self.tok_to_idx[tok] for tok in self.tokenize(text)]
            ~~~~~~~~~~~~~~~^^^^^
KeyError: '*'
wandb: - 0.020 MB of 0.020 MB uploadedwandb: \ 0.020 MB of 0.020 MB uploadedwandb: | 0.027 MB of 0.050 MB uploadedwandb: / 0.050 MB of 0.050 MB uploadedwandb: 🚀 View run atomic-donkey-1 at: https://wandb.ai/jwang003/cruci/runs/dlkjn5gm
wandb: ⭐️ View project at: https://wandb.ai/jwang003/cruci
wandb: Synced 6 W&B file(s), 0 media file(s), 2 artifact file(s) and 0 other file(s)
wandb: Find logs at: ./wandb/run-20250529_230113-dlkjn5gm/logs
wandb: WARNING The new W&B backend becomes opt-out in version 0.18.0; try it out with `wandb.require("core")`! See https://wandb.me/wandb-core for more information.
